# JRE version: OpenJDK Runtime Environment Temurin-21.0.10+7 (21.0.10+7) (build 21.0.10+7-LTS)
# Java VM: OpenJDK 64-Bit Server VM Temurin-21.0.10+7 (21.0.10+7-LTS, mixed mode, sharing, tiered, compressed oops, compressed class ptrs, parallel gc, windows-amd64)
GC Precious Log:
 CardTable entry size: 512
 CPUs: 16 total, 16 available
 Memory: 16236M
 Large Page Support: Disabled
 NUMA Support: Disabled
 Compressed Oops: Enabled (32-bit)
 Alignments: Space 512K, Generation 512K, Heap 2M
 Heap Min Capacity: 100M
 Heap Initial Capacity: 100M
 Heap Max Capacity: 2G
 Pre-touch: Disabled
 Parallel Workers: 13
Heap:
 PSYoungGen      total 9216K, used 5744K [0x00000000d5580000, 0x00000000d6280000, 0x0000000100000000)
  eden space 8192K, 63% used [0x00000000d5580000,0x00000000d5a8c120,0x00000000d5d80000)
  from space 1024K, 56% used [0x00000000d6000000,0x00000000d6090000,0x00000000d6100000)
  to   space 1024K, 0% used [0x00000000d6180000,0x00000000d6180000,0x00000000d6280000)
 ParOldGen       total 425984K, used 425660K [0x0000000080000000, 0x000000009a000000, 0x00000000d5580000)
  object space 425984K, 99% used [0x0000000080000000,0x0000000099faf3a0,0x000000009a000000)
 Metaspace       used 86758K, committed 88192K, reserved 1179648K
  class space    used 8231K, committed 8896K, reserved 1048576K
GC Heap History (20 events):
Event: 87102.529 GC heap before
{Heap before GC invocations=4270 (full 8):
 PSYoungGen      total 10752K, used 10735K [0x00000000d5580000, 0x00000000d6a80000, 0x0000000100000000)
  eden space 8192K, 100% used [0x00000000d5580000,0x00000000d5d80000,0x00000000d5d80000)
  from space 2560K, 99% used [0x00000000d5e80000,0x00000000d60fbc58,0x00000000d6100000)
  to   space 6656K, 0% used [0x00000000d6400000,0x00000000d6400000,0x00000000d6a80000)
 ParOldGen       total 394752K, used 394491K [0x0000000080000000, 0x0000000098180000, 0x00000000d5580000)
  object space 394752K, 99% used [0x0000000080000000,0x000000009813ede0,0x0000000098180000)
 Metaspace       used 86735K, committed 88192K, reserved 1179648K
  class space    used 8231K, committed 8896K, reserved 1048576K
}
Event: 87102.533 GC heap after
{Heap after GC invocations=4270 (full 8):
 PSYoungGen      total 11264K, used 2688K [0x00000000d5580000, 0x00000000d6700000, 0x0000000100000000)
  eden space 8192K, 0% used [0x00000000d5580000,0x00000000d5580000,0x00000000d5d80000)
  from space 3072K, 87% used [0x00000000d6400000,0x00000000d66a0060,0x00000000d6700000)
  to   space 4096K, 0% used [0x00000000d5f00000,0x00000000d5f00000,0x00000000d6300000)
 ParOldGen       total 398336K, used 397384K [0x0000000080000000, 0x0000000098500000, 0x00000000d5580000)
  object space 398336K, 99% used [0x0000000080000000,0x00000000984121d8,0x0000000098500000)
 Metaspace       used 86735K, committed 88192K, reserved 1179648K
  class space    used 8231K, committed 8896K, reserved 1048576K
}
Event: 87102.548 GC heap before
{Heap before GC invocations=4271 (full 8):
 PSYoungGen      total 11264K, used 10880K [0x00000000d5580000, 0x00000000d6700000, 0x0000000100000000)
  eden space 8192K, 100% used [0x00000000d5580000,0x00000000d5d80000,0x00000000d5d80000)
  from space 3072K, 87% used [0x00000000d6400000,0x00000000d66a0060,0x00000000d6700000)
  to   space 4096K, 0% used [0x00000000d5f00000,0x00000000d5f00000,0x00000000d6300000)
 ParOldGen       total 398336K, used 397384K [0x0000000080000000, 0x0000000098500000, 0x00000000d5580000)
  object space 398336K, 99% used [0x0000000080000000,0x00000000984121d8,0x0000000098500000)
 Metaspace       used 86740K, committed 88192K, reserved 1179648K
  class space    used 8231K, committed 8896K, reserved 1048576K
}
Event: 87102.552 GC heap after
{Heap after GC invocations=4271 (full 8):
 PSYoungGen      total 11776K, used 3308K [0x00000000d5580000, 0x00000000d6480000, 0x0000000100000000)
  eden space 8192K, 0% used [0x00000000d5580000,0x00000000d5580000,0x00000000d5d80000)
  from space 3584K, 92% used [0x00000000d5f00000,0x00000000d623b0c8,0x00000000d6280000)
  to   space 2048K, 0% used [0x00000000d6280000,0x00000000d6280000,0x00000000d6480000)
 ParOldGen       total 399872K, used 399796K [0x0000000080000000, 0x0000000098680000, 0x00000000d5580000)
  object space 399872K, 99% used [0x0000000080000000,0x000000009866d310,0x0000000098680000)
 Metaspace       used 86740K, committed 88192K, reserved 1179648K
  class space    used 8231K, committed 8896K, reserved 1048576K
}
Event: 87102.623 GC heap before
{Heap before GC invocations=4272 (full 8):
 PSYoungGen      total 11776K, used 11500K [0x00000000d5580000, 0x00000000d6480000, 0x0000000100000000)
  eden space 8192K, 100% used [0x00000000d5580000,0x00000000d5d80000,0x00000000d5d80000)
  from space 3584K, 92% used [0x00000000d5f00000,0x00000000d623b0c8,0x00000000d6280000)
  to   space 2048K, 0% used [0x00000000d6280000,0x00000000d6280000,0x00000000d6480000)
 ParOldGen       total 399872K, used 399796K [0x0000000080000000, 0x0000000098680000, 0x00000000d5580000)
  object space 399872K, 99% used [0x0000000080000000,0x000000009866d310,0x0000000098680000)
 Metaspace       used 86741K, committed 88192K, reserved 1179648K
  class space    used 8231K, committed 8896K, reserved 1048576K
}
Event: 87102.626 GC heap after
{Heap after GC invocations=4272 (full 8):
 PSYoungGen      total 10240K, used 2043K [0x00000000d5580000, 0x00000000d6780000, 0x0000000100000000)
  eden space 8192K, 0% used [0x00000000d5580000,0x00000000d5580000,0x00000000d5d80000)
  from space 2048K, 99% used [0x00000000d6280000,0x00000000d647ec60,0x00000000d6480000)
  to   space 5120K, 0% used [0x00000000d5d80000,0x00000000d5d80000,0x00000000d6280000)
 ParOldGen       total 402432K, used 402430K [0x0000000080000000, 0x0000000098900000, 0x00000000d5580000)
  object space 402432K, 99% used [0x0000000080000000,0x00000000988ffb48,0x0000000098900000)
 Metaspace       used 86741K, committed 88192K, reserved 1179648K
  class space    used 8231K, committed 8896K, reserved 1048576K
}
Event: 87102.691 GC heap before
{Heap before GC invocations=4273 (full 8):
 PSYoungGen      total 10240K, used 9956K [0x00000000d5580000, 0x00000000d6780000, 0x0000000100000000)
  eden space 8192K, 96% used [0x00000000d5580000,0x00000000d5d3a758,0x00000000d5d80000)
  from space 2048K, 99% used [0x00000000d6280000,0x00000000d647ec60,0x00000000d6480000)
  to   space 5120K, 0% used [0x00000000d5d80000,0x00000000d5d80000,0x00000000d6280000)
 ParOldGen       total 402432K, used 402430K [0x0000000080000000, 0x0000000098900000, 0x00000000d5580000)
  object space 402432K, 99% used [0x0000000080000000,0x00000000988ffb48,0x0000000098900000)
 Metaspace       used 86741K, committed 88192K, reserved 1179648K
  class space    used 8231K, committed 8896K, reserved 1048576K
}
Event: 87102.695 GC heap after
{Heap after GC invocations=4273 (full 8):
 PSYoungGen      total 13312K, used 5104K [0x00000000d5580000, 0x00000000d7280000, 0x0000000100000000)
  eden space 8192K, 0% used [0x00000000d5580000,0x00000000d5580000,0x00000000d5d80000)
  from space 5120K, 99% used [0x00000000d5d80000,0x00000000d627c000,0x00000000d6280000)
  to   space 10752K, 0% used [0x00000000d6800000,0x00000000d6800000,0x00000000d7280000)
 ParOldGen       total 407552K, used 407123K [0x0000000080000000, 0x0000000098e00000, 0x00000000d5580000)
  object space 407552K, 99% used [0x0000000080000000,0x0000000098d94cc8,0x0000000098e00000)
 Metaspace       used 86741K, committed 88192K, reserved 1179648K
  class space    used 8231K, committed 8896K, reserved 1048576K
}
Event: 87102.775 GC heap before
{Heap before GC invocations=4274 (full 8):
 PSYoungGen      total 13312K, used 13296K [0x00000000d5580000, 0x00000000d7280000, 0x0000000100000000)
  eden space 8192K, 100% used [0x00000000d5580000,0x00000000d5d80000,0x00000000d5d80000)
  from space 5120K, 99% used [0x00000000d5d80000,0x00000000d627c000,0x00000000d6280000)
  to   space 10752K, 0% used [0x00000000d6800000,0x00000000d6800000,0x00000000d7280000)
 ParOldGen       total 407552K, used 407123K [0x0000000080000000, 0x0000000098e00000, 0x00000000d5580000)
  object space 407552K, 99% used [0x0000000080000000,0x0000000098d94cc8,0x0000000098e00000)
 Metaspace       used 86741K, committed 88192K, reserved 1179648K
  class space    used 8231K, committed 8896K, reserved 1048576K
}
Event: 87102.781 GC heap after
{Heap after GC invocations=4274 (full 8):
 PSYoungGen      total 13312K, used 4663K [0x00000000d5580000, 0x00000000d6d00000, 0x0000000100000000)
  eden space 8192K, 0% used [0x00000000d5580000,0x00000000d5580000,0x00000000d5d80000)
  from space 5120K, 91% used [0x00000000d6800000,0x00000000d6c8dd88,0x00000000d6d00000)
  to   space 6656K, 0% used [0x00000000d6000000,0x00000000d6000000,0x00000000d6680000)
 ParOldGen       total 412160K, used 411899K [0x0000000080000000, 0x0000000099280000, 0x00000000d5580000)
  object space 412160K, 99% used [0x0000000080000000,0x000000009923ecc8,0x0000000099280000)
 Metaspace       used 86741K, committed 88192K, reserved 1179648K
  class space    used 8231K, committed 8896K, reserved 1048576K
}
Event: 87102.838 GC heap before
{Heap before GC invocations=4275 (full 8):
 PSYoungGen      total 13312K, used 12855K [0x00000000d5580000, 0x00000000d6d00000, 0x0000000100000000)
  eden space 8192K, 100% used [0x00000000d5580000,0x00000000d5d80000,0x00000000d5d80000)
  from space 5120K, 91% used [0x00000000d6800000,0x00000000d6c8dd88,0x00000000d6d00000)
  to   space 6656K, 0% used [0x00000000d6000000,0x00000000d6000000,0x00000000d6680000)
 ParOldGen       total 412160K, used 411899K [0x0000000080000000, 0x0000000099280000, 0x00000000d5580000)
  object space 412160K, 99% used [0x0000000080000000,0x000000009923ecc8,0x0000000099280000)
 Metaspace       used 86743K, committed 88192K, reserved 1179648K
  class space    used 8231K, committed 8896K, reserved 1048576K
}
Event: 87102.844 GC heap after
{Heap after GC invocations=4275 (full 8):
 PSYoungGen      total 12288K, used 4041K [0x00000000d5580000, 0x00000000d6880000, 0x0000000100000000)
  eden space 8192K, 0% used [0x00000000d5580000,0x00000000d5580000,0x00000000d5d80000)
  from space 4096K, 98% used [0x00000000d6000000,0x00000000d63f2408,0x00000000d6400000)
  to   space 4608K, 0% used [0x00000000d6400000,0x00000000d6400000,0x00000000d6880000)
 ParOldGen       total 416768K, used 416391K [0x0000000080000000, 0x0000000099700000, 0x00000000d5580000)
  object space 416768K, 99% used [0x0000000080000000,0x00000000996a1db8,0x0000000099700000)
 Metaspace       used 86743K, committed 88192K, reserved 1179648K
  class space    used 8231K, committed 8896K, reserved 1048576K
}
Event: 87102.908 GC heap before
{Heap before GC invocations=4276 (full 8):
 PSYoungGen      total 12288K, used 12233K [0x00000000d5580000, 0x00000000d6880000, 0x0000000100000000)
  eden space 8192K, 100% used [0x00000000d5580000,0x00000000d5d80000,0x00000000d5d80000)
  from space 4096K, 98% used [0x00000000d6000000,0x00000000d63f2408,0x00000000d6400000)
  to   space 4608K, 0% used [0x00000000d6400000,0x00000000d6400000,0x00000000d6880000)
 ParOldGen       total 416768K, used 416391K [0x0000000080000000, 0x0000000099700000, 0x00000000d5580000)
  object space 416768K, 99% used [0x0000000080000000,0x00000000996a1db8,0x0000000099700000)
 Metaspace       used 86743K, committed 88192K, reserved 1179648K
  class space    used 8231K, committed 8896K, reserved 1048576K
}
Event: 87102.910 GC heap after
{Heap after GC invocations=4276 (full 8):
 PSYoungGen      total 11264K, used 2586K [0x00000000d5580000, 0x00000000d6700000, 0x0000000100000000)
  eden space 8192K, 0% used [0x00000000d5580000,0x00000000d5580000,0x00000000d5d80000)
  from space 3072K, 84% used [0x00000000d6400000,0x00000000d6686998,0x00000000d6700000)
  to   space 3584K, 0% used [0x00000000d6000000,0x00000000d6000000,0x00000000d6380000)
 ParOldGen       total 420352K, used 420216K [0x0000000080000000, 0x0000000099a80000, 0x00000000d5580000)
  object space 420352K, 99% used [0x0000000080000000,0x0000000099a5e3a0,0x0000000099a80000)
 Metaspace       used 86743K, committed 88192K, reserved 1179648K
  class space    used 8231K, committed 8896K, reserved 1048576K
}
Event: 87102.984 GC heap before
{Heap before GC invocations=4277 (full 8):
 PSYoungGen      total 11264K, used 10778K [0x00000000d5580000, 0x00000000d6700000, 0x0000000100000000)
  eden space 8192K, 100% used [0x00000000d5580000,0x00000000d5d80000,0x00000000d5d80000)
  from space 3072K, 84% used [0x00000000d6400000,0x00000000d6686998,0x00000000d6700000)
  to   space 3584K, 0% used [0x00000000d6000000,0x00000000d6000000,0x00000000d6380000)
 ParOldGen       total 420352K, used 420216K [0x0000000080000000, 0x0000000099a80000, 0x00000000d5580000)
  object space 420352K, 99% used [0x0000000080000000,0x0000000099a5e3a0,0x0000000099a80000)
 Metaspace       used 86743K, committed 88192K, reserved 1179648K
  class space    used 8231K, committed 8896K, reserved 1048576K
}
Event: 87102.987 GC heap after
{Heap after GC invocations=4277 (full 8):
 PSYoungGen      total 10240K, used 1826K [0x00000000d5580000, 0x00000000d6480000, 0x0000000100000000)
  eden space 8192K, 0% used [0x00000000d5580000,0x00000000d5580000,0x00000000d5d80000)
  from space 2048K, 89% used [0x00000000d6000000,0x00000000d61c8a60,0x00000000d6200000)
  to   space 2560K, 0% used [0x00000000d6200000,0x00000000d6200000,0x00000000d6480000)
 ParOldGen       total 422912K, used 422454K [0x0000000080000000, 0x0000000099d00000, 0x00000000d5580000)
  object space 422912K, 99% used [0x0000000080000000,0x0000000099c8da20,0x0000000099d00000)
 Metaspace       used 86743K, committed 88192K, reserved 1179648K
  class space    used 8231K, committed 8896K, reserved 1048576K
}
Event: 87103.035 GC heap before
{Heap before GC invocations=4278 (full 8):
 PSYoungGen      total 10240K, used 10018K [0x00000000d5580000, 0x00000000d6480000, 0x0000000100000000)
  eden space 8192K, 100% used [0x00000000d5580000,0x00000000d5d80000,0x00000000d5d80000)
  from space 2048K, 89% used [0x00000000d6000000,0x00000000d61c8a60,0x00000000d6200000)
  to   space 2560K, 0% used [0x00000000d6200000,0x00000000d6200000,0x00000000d6480000)
 ParOldGen       total 422912K, used 422454K [0x0000000080000000, 0x0000000099d00000, 0x00000000d5580000)
  object space 422912K, 99% used [0x0000000080000000,0x0000000099c8da20,0x0000000099d00000)
 Metaspace       used 86752K, committed 88192K, reserved 1179648K
  class space    used 8231K, committed 8896K, reserved 1048576K
}
Event: 87103.039 GC heap after
{Heap after GC invocations=4278 (full 8):
 PSYoungGen      total 10240K, used 1744K [0x00000000d5580000, 0x00000000d6400000, 0x0000000100000000)
  eden space 8192K, 0% used [0x00000000d5580000,0x00000000d5580000,0x00000000d5d80000)
  from space 2048K, 85% used [0x00000000d6200000,0x00000000d63b4238,0x00000000d6400000)
  to   space 2048K, 0% used [0x00000000d6000000,0x00000000d6000000,0x00000000d6200000)
 ParOldGen       total 424448K, used 424077K [0x0000000080000000, 0x0000000099e80000, 0x00000000d5580000)
  object space 424448K, 99% used [0x0000000080000000,0x0000000099e23618,0x0000000099e80000)
 Metaspace       used 86752K, committed 88192K, reserved 1179648K
  class space    used 8231K, committed 8896K, reserved 1048576K
}
Event: 87104.308 GC heap before
{Heap before GC invocations=4279 (full 8):
 PSYoungGen      total 10240K, used 9936K [0x00000000d5580000, 0x00000000d6400000, 0x0000000100000000)
  eden space 8192K, 99% used [0x00000000d5580000,0x00000000d5d7fff8,0x00000000d5d80000)
  from space 2048K, 85% used [0x00000000d6200000,0x00000000d63b4238,0x00000000d6400000)
  to   space 2048K, 0% used [0x00000000d6000000,0x00000000d6000000,0x00000000d6200000)
 ParOldGen       total 424448K, used 424077K [0x0000000080000000, 0x0000000099e80000, 0x00000000d5580000)
  object space 424448K, 99% used [0x0000000080000000,0x0000000099e23618,0x0000000099e80000)
 Metaspace       used 86755K, committed 88192K, reserved 1179648K
  class space    used 8231K, committed 8896K, reserved 1048576K
}
Event: 87104.310 GC heap after
{Heap after GC invocations=4279 (full 8):
 PSYoungGen      total 9216K, used 576K [0x00000000d5580000, 0x00000000d6280000, 0x0000000100000000)
  eden space 8192K, 0% used [0x00000000d5580000,0x00000000d5580000,0x00000000d5d80000)
  from space 1024K, 56% used [0x00000000d6000000,0x00000000d6090000,0x00000000d6100000)
  to   space 1024K, 0% used [0x00000000d6180000,0x00000000d6180000,0x00000000d6280000)
 ParOldGen       total 425984K, used 425660K [0x0000000080000000, 0x000000009a000000, 0x00000000d5580000)
  object space 425984K, 99% used [0x0000000080000000,0x0000000099faf3a0,0x000000009a000000)
 Metaspace       used 86755K, committed 88192K, reserved 1179648K
  class space    used 8231K, committed 8896K, reserved 1048576K
}

