# JRE version: OpenJDK Runtime Environment Temurin-21.0.10+7 (21.0.10+7) (build 21.0.10+7-LTS)
# Java VM: OpenJDK 64-Bit Server VM Temurin-21.0.10+7 (21.0.10+7-LTS, mixed mode, sharing, tiered, compressed oops, compressed class ptrs, parallel gc, windows-amd64)
GC Precious Log:
 CardTable entry size: 512
 CPUs: 16 total, 16 available
 Memory: 16236M
 Large Page Support: Disabled
 NUMA Support: Disabled
 Compressed Oops: Enabled (32-bit)
 Alignments: Space 512K, Generation 512K, Heap 2M
 Heap Min Capacity: 100M
 Heap Initial Capacity: 100M
 Heap Max Capacity: 2G
 Pre-touch: Disabled
 Parallel Workers: 13
Heap:
 PSYoungGen      total 3072K, used 1025K [0x00000000d5580000, 0x00000000d5980000, 0x0000000100000000)
  eden space 2560K, 26% used [0x00000000d5580000,0x00000000d56284f0,0x00000000d5800000)
  from space 512K, 68% used [0x00000000d5880000,0x00000000d58d8000,0x00000000d5900000)
  to   space 512K, 0% used [0x00000000d5900000,0x00000000d5900000,0x00000000d5980000)
 ParOldGen       total 521216K, used 521158K [0x0000000080000000, 0x000000009fd00000, 0x00000000d5580000)
  object space 521216K, 99% used [0x0000000080000000,0x000000009fcf19f0,0x000000009fd00000)
 Metaspace       used 79240K, committed 80832K, reserved 1179648K
  class space    used 7781K, committed 8512K, reserved 1048576K
GC Heap History (20 events):
Event: 150503.331 GC heap before
{Heap before GC invocations=1050 (full 4):
 PSYoungGen      total 3584K, used 3540K [0x00000000d5580000, 0x00000000d5a80000, 0x0000000100000000)
  eden space 2560K, 100% used [0x00000000d5580000,0x00000000d5800000,0x00000000d5800000)
  from space 1024K, 95% used [0x00000000d5800000,0x00000000d58f5200,0x00000000d5900000)
  to   space 1024K, 0% used [0x00000000d5980000,0x00000000d5980000,0x00000000d5a80000)
 ParOldGen       total 518656K, used 518416K [0x0000000080000000, 0x000000009fa80000, 0x00000000d5580000)
  object space 518656K, 99% used [0x0000000080000000,0x000000009fa443a0,0x000000009fa80000)
 Metaspace       used 79225K, committed 80768K, reserved 1179648K
  class space    used 7781K, committed 8512K, reserved 1048576K
}
Event: 150503.332 GC heap after
{Heap after GC invocations=1050 (full 4):
 PSYoungGen      total 3584K, used 628K [0x00000000d5580000, 0x00000000d5a80000, 0x0000000100000000)
  eden space 2560K, 0% used [0x00000000d5580000,0x00000000d5580000,0x00000000d5800000)
  from space 1024K, 61% used [0x00000000d5980000,0x00000000d5a1d200,0x00000000d5a80000)
  to   space 1024K, 0% used [0x00000000d5800000,0x00000000d5800000,0x00000000d5900000)
 ParOldGen       total 518656K, used 518432K [0x0000000080000000, 0x000000009fa80000, 0x00000000d5580000)
  object space 518656K, 99% used [0x0000000080000000,0x000000009fa483a0,0x000000009fa80000)
 Metaspace       used 79225K, committed 80768K, reserved 1179648K
  class space    used 7781K, committed 8512K, reserved 1048576K
}
Event: 150503.405 GC heap before
{Heap before GC invocations=1051 (full 4):
 PSYoungGen      total 3584K, used 3188K [0x00000000d5580000, 0x00000000d5a80000, 0x0000000100000000)
  eden space 2560K, 100% used [0x00000000d5580000,0x00000000d5800000,0x00000000d5800000)
  from space 1024K, 61% used [0x00000000d5980000,0x00000000d5a1d200,0x00000000d5a80000)
  to   space 1024K, 0% used [0x00000000d5800000,0x00000000d5800000,0x00000000d5900000)
 ParOldGen       total 518656K, used 518432K [0x0000000080000000, 0x000000009fa80000, 0x00000000d5580000)
  object space 518656K, 99% used [0x0000000080000000,0x000000009fa483a0,0x000000009fa80000)
 Metaspace       used 79226K, committed 80832K, reserved 1179648K
  class space    used 7781K, committed 8512K, reserved 1048576K
}
Event: 150503.406 GC heap after
{Heap after GC invocations=1051 (full 4):
 PSYoungGen      total 3584K, used 692K [0x00000000d5580000, 0x00000000d5a00000, 0x0000000100000000)
  eden space 2560K, 0% used [0x00000000d5580000,0x00000000d5580000,0x00000000d5800000)
  from space 1024K, 67% used [0x00000000d5800000,0x00000000d58ad200,0x00000000d5900000)
  to   space 1024K, 0% used [0x00000000d5900000,0x00000000d5900000,0x00000000d5a00000)
 ParOldGen       total 519168K, used 518835K [0x0000000080000000, 0x000000009fb00000, 0x00000000d5580000)
  object space 519168K, 99% used [0x0000000080000000,0x000000009faacc98,0x000000009fb00000)
 Metaspace       used 79226K, committed 80832K, reserved 1179648K
  class space    used 7781K, committed 8512K, reserved 1048576K
}
Event: 150503.424 GC heap before
{Heap before GC invocations=1052 (full 4):
 PSYoungGen      total 3584K, used 3252K [0x00000000d5580000, 0x00000000d5a00000, 0x0000000100000000)
  eden space 2560K, 100% used [0x00000000d5580000,0x00000000d5800000,0x00000000d5800000)
  from space 1024K, 67% used [0x00000000d5800000,0x00000000d58ad200,0x00000000d5900000)
  to   space 1024K, 0% used [0x00000000d5900000,0x00000000d5900000,0x00000000d5a00000)
 ParOldGen       total 519168K, used 518835K [0x0000000080000000, 0x000000009fb00000, 0x00000000d5580000)
  object space 519168K, 99% used [0x0000000080000000,0x000000009faacc98,0x000000009fb00000)
 Metaspace       used 79226K, committed 80832K, reserved 1179648K
  class space    used 7781K, committed 8512K, reserved 1048576K
}
Event: 150503.426 GC heap after
{Heap after GC invocations=1052 (full 4):
 PSYoungGen      total 3584K, used 644K [0x00000000d5580000, 0x00000000d5a00000, 0x0000000100000000)
  eden space 2560K, 0% used [0x00000000d5580000,0x00000000d5580000,0x00000000d5800000)
  from space 1024K, 62% used [0x00000000d5900000,0x00000000d59a1210,0x00000000d5a00000)
  to   space 1024K, 0% used [0x00000000d5800000,0x00000000d5800000,0x00000000d5900000)
 ParOldGen       total 519680K, used 519437K [0x0000000080000000, 0x000000009fb80000, 0x00000000d5580000)
  object space 519680K, 99% used [0x0000000080000000,0x000000009fb43590,0x000000009fb80000)
 Metaspace       used 79226K, committed 80832K, reserved 1179648K
  class space    used 7781K, committed 8512K, reserved 1048576K
}
Event: 150503.437 GC heap before
{Heap before GC invocations=1053 (full 4):
 PSYoungGen      total 3584K, used 3204K [0x00000000d5580000, 0x00000000d5a00000, 0x0000000100000000)
  eden space 2560K, 100% used [0x00000000d5580000,0x00000000d5800000,0x00000000d5800000)
  from space 1024K, 62% used [0x00000000d5900000,0x00000000d59a1210,0x00000000d5a00000)
  to   space 1024K, 0% used [0x00000000d5800000,0x00000000d5800000,0x00000000d5900000)
 ParOldGen       total 519680K, used 519437K [0x0000000080000000, 0x000000009fb80000, 0x00000000d5580000)
  object space 519680K, 99% used [0x0000000080000000,0x000000009fb43590,0x000000009fb80000)
 Metaspace       used 79227K, committed 80832K, reserved 1179648K
  class space    used 7781K, committed 8512K, reserved 1048576K
}
Event: 150503.439 GC heap after
{Heap after GC invocations=1053 (full 4):
 PSYoungGen      total 3584K, used 804K [0x00000000d5580000, 0x00000000d5a00000, 0x0000000100000000)
  eden space 2560K, 0% used [0x00000000d5580000,0x00000000d5580000,0x00000000d5800000)
  from space 1024K, 78% used [0x00000000d5800000,0x00000000d58c9210,0x00000000d5900000)
  to   space 1024K, 0% used [0x00000000d5900000,0x00000000d5900000,0x00000000d5a00000)
 ParOldGen       total 520192K, used 519945K [0x0000000080000000, 0x000000009fc00000, 0x00000000d5580000)
  object space 520192K, 99% used [0x0000000080000000,0x000000009fbc27c0,0x000000009fc00000)
 Metaspace       used 79227K, committed 80832K, reserved 1179648K
  class space    used 7781K, committed 8512K, reserved 1048576K
}
Event: 150503.862 GC heap before
{Heap before GC invocations=1054 (full 4):
 PSYoungGen      total 3584K, used 3364K [0x00000000d5580000, 0x00000000d5a00000, 0x0000000100000000)
  eden space 2560K, 100% used [0x00000000d5580000,0x00000000d5800000,0x00000000d5800000)
  from space 1024K, 78% used [0x00000000d5800000,0x00000000d58c9210,0x00000000d5900000)
  to   space 1024K, 0% used [0x00000000d5900000,0x00000000d5900000,0x00000000d5a00000)
 ParOldGen       total 520192K, used 519945K [0x0000000080000000, 0x000000009fc00000, 0x00000000d5580000)
  object space 520192K, 99% used [0x0000000080000000,0x000000009fbc27c0,0x000000009fc00000)
 Metaspace       used 79227K, committed 80832K, reserved 1179648K
  class space    used 7781K, committed 8512K, reserved 1048576K
}
Event: 150503.863 GC heap after
{Heap after GC invocations=1054 (full 4):
 PSYoungGen      total 3584K, used 608K [0x00000000d5580000, 0x00000000d5a00000, 0x0000000100000000)
  eden space 2560K, 0% used [0x00000000d5580000,0x00000000d5580000,0x00000000d5800000)
  from space 1024K, 59% used [0x00000000d5900000,0x00000000d5998000,0x00000000d5a00000)
  to   space 1024K, 0% used [0x00000000d5800000,0x00000000d5800000,0x00000000d5900000)
 ParOldGen       total 520704K, used 520542K [0x0000000080000000, 0x000000009fc80000, 0x00000000d5580000)
  object space 520704K, 99% used [0x0000000080000000,0x000000009fc579d0,0x000000009fc80000)
 Metaspace       used 79227K, committed 80832K, reserved 1179648K
  class space    used 7781K, committed 8512K, reserved 1048576K
}
Event: 150520.281 GC heap before
{Heap before GC invocations=1055 (full 4):
 PSYoungGen      total 3584K, used 3168K [0x00000000d5580000, 0x00000000d5a00000, 0x0000000100000000)
  eden space 2560K, 100% used [0x00000000d5580000,0x00000000d5800000,0x00000000d5800000)
  from space 1024K, 59% used [0x00000000d5900000,0x00000000d5998000,0x00000000d5a00000)
  to   space 1024K, 0% used [0x00000000d5800000,0x00000000d5800000,0x00000000d5900000)
 ParOldGen       total 520704K, used 520542K [0x0000000080000000, 0x000000009fc80000, 0x00000000d5580000)
  object space 520704K, 99% used [0x0000000080000000,0x000000009fc579d0,0x000000009fc80000)
 Metaspace       used 79227K, committed 80832K, reserved 1179648K
  class space    used 7781K, committed 8512K, reserved 1048576K
}
Event: 150520.283 GC heap after
{Heap after GC invocations=1055 (full 4):
 PSYoungGen      total 3584K, used 288K [0x00000000d5580000, 0x00000000d5980000, 0x0000000100000000)
  eden space 2560K, 0% used [0x00000000d5580000,0x00000000d5580000,0x00000000d5800000)
  from space 1024K, 28% used [0x00000000d5800000,0x00000000d5848000,0x00000000d5900000)
  to   space 512K, 0% used [0x00000000d5900000,0x00000000d5900000,0x00000000d5980000)
 ParOldGen       total 521216K, used 521014K [0x0000000080000000, 0x000000009fd00000, 0x00000000d5580000)
  object space 521216K, 99% used [0x0000000080000000,0x000000009fccd9f0,0x000000009fd00000)
 Metaspace       used 79227K, committed 80832K, reserved 1179648K
  class space    used 7781K, committed 8512K, reserved 1048576K
}
Event: 150546.386 GC heap before
{Heap before GC invocations=1056 (full 4):
 PSYoungGen      total 3584K, used 2847K [0x00000000d5580000, 0x00000000d5980000, 0x0000000100000000)
  eden space 2560K, 99% used [0x00000000d5580000,0x00000000d57ffe40,0x00000000d5800000)
  from space 1024K, 28% used [0x00000000d5800000,0x00000000d5848000,0x00000000d5900000)
  to   space 512K, 0% used [0x00000000d5900000,0x00000000d5900000,0x00000000d5980000)
 ParOldGen       total 521216K, used 521014K [0x0000000080000000, 0x000000009fd00000, 0x00000000d5580000)
  object space 521216K, 99% used [0x0000000080000000,0x000000009fccd9f0,0x000000009fd00000)
 Metaspace       used 79227K, committed 80832K, reserved 1179648K
  class space    used 7781K, committed 8512K, reserved 1048576K
}
Event: 150546.387 GC heap after
{Heap after GC invocations=1056 (full 4):
 PSYoungGen      total 3072K, used 416K [0x00000000d5580000, 0x00000000d5980000, 0x0000000100000000)
  eden space 2560K, 0% used [0x00000000d5580000,0x00000000d5580000,0x00000000d5800000)
  from space 512K, 81% used [0x00000000d5900000,0x00000000d5968000,0x00000000d5980000)
  to   space 512K, 0% used [0x00000000d5880000,0x00000000d5880000,0x00000000d5900000)
 ParOldGen       total 521216K, used 521030K [0x0000000080000000, 0x000000009fd00000, 0x00000000d5580000)
  object space 521216K, 99% used [0x0000000080000000,0x000000009fcd19f0,0x000000009fd00000)
 Metaspace       used 79227K, committed 80832K, reserved 1179648K
  class space    used 7781K, committed 8512K, reserved 1048576K
}
Event: 150593.998 GC heap before
{Heap before GC invocations=1057 (full 4):
 PSYoungGen      total 3072K, used 2976K [0x00000000d5580000, 0x00000000d5980000, 0x0000000100000000)
  eden space 2560K, 100% used [0x00000000d5580000,0x00000000d5800000,0x00000000d5800000)
  from space 512K, 81% used [0x00000000d5900000,0x00000000d5968000,0x00000000d5980000)
  to   space 512K, 0% used [0x00000000d5880000,0x00000000d5880000,0x00000000d5900000)
 ParOldGen       total 521216K, used 521030K [0x0000000080000000, 0x000000009fd00000, 0x00000000d5580000)
  object space 521216K, 99% used [0x0000000080000000,0x000000009fcd19f0,0x000000009fd00000)
 Metaspace       used 79227K, committed 80832K, reserved 1179648K
  class space    used 7781K, committed 8512K, reserved 1048576K
}
Event: 150593.999 GC heap after
{Heap after GC invocations=1057 (full 4):
 PSYoungGen      total 3072K, used 288K [0x00000000d5580000, 0x00000000d5980000, 0x0000000100000000)
  eden space 2560K, 0% used [0x00000000d5580000,0x00000000d5580000,0x00000000d5800000)
  from space 512K, 56% used [0x00000000d5880000,0x00000000d58c8000,0x00000000d5900000)
  to   space 512K, 0% used [0x00000000d5900000,0x00000000d5900000,0x00000000d5980000)
 ParOldGen       total 521216K, used 521038K [0x0000000080000000, 0x000000009fd00000, 0x00000000d5580000)
  object space 521216K, 99% used [0x0000000080000000,0x000000009fcd39f0,0x000000009fd00000)
 Metaspace       used 79227K, committed 80832K, reserved 1179648K
  class space    used 7781K, committed 8512K, reserved 1048576K
}
Event: 153048.873 GC heap before
{Heap before GC invocations=1058 (full 4):
 PSYoungGen      total 3072K, used 2848K [0x00000000d5580000, 0x00000000d5980000, 0x0000000100000000)
  eden space 2560K, 100% used [0x00000000d5580000,0x00000000d5800000,0x00000000d5800000)
  from space 512K, 56% used [0x00000000d5880000,0x00000000d58c8000,0x00000000d5900000)
  to   space 512K, 0% used [0x00000000d5900000,0x00000000d5900000,0x00000000d5980000)
 ParOldGen       total 521216K, used 521038K [0x0000000080000000, 0x000000009fd00000, 0x00000000d5580000)
  object space 521216K, 99% used [0x0000000080000000,0x000000009fcd39f0,0x000000009fd00000)
 Metaspace       used 79233K, committed 80832K, reserved 1179648K
  class space    used 7781K, committed 8512K, reserved 1048576K
}
Event: 153048.874 GC heap after
{Heap after GC invocations=1058 (full 4):
 PSYoungGen      total 3072K, used 416K [0x00000000d5580000, 0x00000000d5980000, 0x0000000100000000)
  eden space 2560K, 0% used [0x00000000d5580000,0x00000000d5580000,0x00000000d5800000)
  from space 512K, 81% used [0x00000000d5900000,0x00000000d5968000,0x00000000d5980000)
  to   space 512K, 0% used [0x00000000d5880000,0x00000000d5880000,0x00000000d5900000)
 ParOldGen       total 521216K, used 521086K [0x0000000080000000, 0x000000009fd00000, 0x00000000d5580000)
  object space 521216K, 99% used [0x0000000080000000,0x000000009fcdf9f0,0x000000009fd00000)
 Metaspace       used 79233K, committed 80832K, reserved 1179648K
  class space    used 7781K, committed 8512K, reserved 1048576K
}
Event: 153216.363 GC heap before
{Heap before GC invocations=1059 (full 4):
 PSYoungGen      total 3072K, used 2976K [0x00000000d5580000, 0x00000000d5980000, 0x0000000100000000)
  eden space 2560K, 100% used [0x00000000d5580000,0x00000000d5800000,0x00000000d5800000)
  from space 512K, 81% used [0x00000000d5900000,0x00000000d5968000,0x00000000d5980000)
  to   space 512K, 0% used [0x00000000d5880000,0x00000000d5880000,0x00000000d5900000)
 ParOldGen       total 521216K, used 521086K [0x0000000080000000, 0x000000009fd00000, 0x00000000d5580000)
  object space 521216K, 99% used [0x0000000080000000,0x000000009fcdf9f0,0x000000009fd00000)
 Metaspace       used 79240K, committed 80832K, reserved 1179648K
  class space    used 7781K, committed 8512K, reserved 1048576K
}
Event: 153216.364 GC heap after
{Heap after GC invocations=1059 (full 4):
 PSYoungGen      total 3072K, used 352K [0x00000000d5580000, 0x00000000d5980000, 0x0000000100000000)
  eden space 2560K, 0% used [0x00000000d5580000,0x00000000d5580000,0x00000000d5800000)
  from space 512K, 68% used [0x00000000d5880000,0x00000000d58d8000,0x00000000d5900000)
  to   space 512K, 0% used [0x00000000d5900000,0x00000000d5900000,0x00000000d5980000)
 ParOldGen       total 521216K, used 521158K [0x0000000080000000, 0x000000009fd00000, 0x00000000d5580000)
  object space 521216K, 99% used [0x0000000080000000,0x000000009fcf19f0,0x000000009fd00000)
 Metaspace       used 79240K, committed 80832K, reserved 1179648K
  class space    used 7781K, committed 8512K, reserved 1048576K
}

